<?xml version="1.0" encoding="UTF-8"?>
<!-- Generated by org.testng.reporters.JUnitReportReporter -->
<testsuite hostname="Titan" failures="0" tests="1" name="com.runner.ParaBankLoginRunner" time="0.085" errors="0" timestamp="28 Oct 2024 18:31:19 GMT" skipped="0">
  <testcase classname="com.runner.ParaBankLoginRunner" name="runScenario" time="0.085"/>
</testsuite> <!-- com.runner.ParaBankLoginRunner -->
